{ = LlaveInicio
radioDeLaCircunferencia = Identificador
= = Asignacion
45 = Numero
; = FindeSentencia
++ = IncTermino
+ = Optermino
-- = IncTermino
- = Optermino
# = Caracter
== = OpRelacional
= = Asignacion
&& = OpLogico
& = Caracter
|| = OpLogico
| = Caracter
! = Caracter
!= = OpRelacional
> = OpRelacional
>= = OpRelacional
< = OpRelacional
<= = OpRelacional
<> = OpRelacional
+= = IncTermino
-= = IncTermino
* = OpFactor
% = OpFactor
*= = IncFactor
%= = IncFactor
? = OpTernario
"" = Cadena
"Hola mundo" = Cadena
/ = OpFactor
/= = IncFactor
123.45e-8 = Numero
} = LlaveFin
￿ = Caracter
